#! /c/Source/iverilog-install/bin/vvp
:ivl_version "12.0 (devel)" "(s20150603-1539-g2693dd32b)";
:ivl_delay_selection "TYPICAL";
:vpi_time_precision + 0;
:vpi_module "C:\iverilog\lib\ivl\system.vpi";
:vpi_module "C:\iverilog\lib\ivl\vhdl_sys.vpi";
:vpi_module "C:\iverilog\lib\ivl\vhdl_textio.vpi";
:vpi_module "C:\iverilog\lib\ivl\v2005_math.vpi";
:vpi_module "C:\iverilog\lib\ivl\va_math.vpi";
S_000001f221e9cbd0 .scope module, "tb_segment7" "tb_segment7" 2 1;
 .timescale 0 0;
v000001f221fcbda0_0 .var "bcd", 3 0;
v000001f221fcbe40_0 .net "seg", 6 0, v000001f221fcbd00_0;  1 drivers
S_000001f221fc9fc0 .scope module, "uut" "segment7" 2 8, 3 1 0, S_000001f221e9cbd0;
 .timescale 0 0;
    .port_info 0 /INPUT 4 "bcd";
    .port_info 1 /OUTPUT 7 "seg";
v000001f221fca150_0 .net "bcd", 3 0, v000001f221fcbda0_0;  1 drivers
v000001f221fcbd00_0 .var "seg", 6 0;
E_000001f221e84ba0 .event anyedge, v000001f221fca150_0;
    .scope S_000001f221fc9fc0;
T_0 ;
    %wait E_000001f221e84ba0;
    %load/vec4 v000001f221fca150_0;
    %dup/vec4;
    %pushi/vec4 0, 0, 4;
    %cmp/u;
    %jmp/1 T_0.0, 6;
    %dup/vec4;
    %pushi/vec4 1, 0, 4;
    %cmp/u;
    %jmp/1 T_0.1, 6;
    %dup/vec4;
    %pushi/vec4 2, 0, 4;
    %cmp/u;
    %jmp/1 T_0.2, 6;
    %dup/vec4;
    %pushi/vec4 3, 0, 4;
    %cmp/u;
    %jmp/1 T_0.3, 6;
    %dup/vec4;
    %pushi/vec4 4, 0, 4;
    %cmp/u;
    %jmp/1 T_0.4, 6;
    %dup/vec4;
    %pushi/vec4 5, 0, 4;
    %cmp/u;
    %jmp/1 T_0.5, 6;
    %dup/vec4;
    %pushi/vec4 6, 0, 4;
    %cmp/u;
    %jmp/1 T_0.6, 6;
    %dup/vec4;
    %pushi/vec4 7, 0, 4;
    %cmp/u;
    %jmp/1 T_0.7, 6;
    %dup/vec4;
    %pushi/vec4 8, 0, 4;
    %cmp/u;
    %jmp/1 T_0.8, 6;
    %dup/vec4;
    %pushi/vec4 9, 0, 4;
    %cmp/u;
    %jmp/1 T_0.9, 6;
    %pushi/vec4 127, 0, 7;
    %store/vec4 v000001f221fcbd00_0, 0, 7;
    %jmp T_0.11;
T_0.0 ;
    %pushi/vec4 1, 0, 7;
    %store/vec4 v000001f221fcbd00_0, 0, 7;
    %jmp T_0.11;
T_0.1 ;
    %pushi/vec4 79, 0, 7;
    %store/vec4 v000001f221fcbd00_0, 0, 7;
    %jmp T_0.11;
T_0.2 ;
    %pushi/vec4 18, 0, 7;
    %store/vec4 v000001f221fcbd00_0, 0, 7;
    %jmp T_0.11;
T_0.3 ;
    %pushi/vec4 6, 0, 7;
    %store/vec4 v000001f221fcbd00_0, 0, 7;
    %jmp T_0.11;
T_0.4 ;
    %pushi/vec4 76, 0, 7;
    %store/vec4 v000001f221fcbd00_0, 0, 7;
    %jmp T_0.11;
T_0.5 ;
    %pushi/vec4 36, 0, 7;
    %store/vec4 v000001f221fcbd00_0, 0, 7;
    %jmp T_0.11;
T_0.6 ;
    %pushi/vec4 32, 0, 7;
    %store/vec4 v000001f221fcbd00_0, 0, 7;
    %jmp T_0.11;
T_0.7 ;
    %pushi/vec4 15, 0, 7;
    %store/vec4 v000001f221fcbd00_0, 0, 7;
    %jmp T_0.11;
T_0.8 ;
    %pushi/vec4 0, 0, 7;
    %store/vec4 v000001f221fcbd00_0, 0, 7;
    %jmp T_0.11;
T_0.9 ;
    %pushi/vec4 4, 0, 7;
    %store/vec4 v000001f221fcbd00_0, 0, 7;
    %jmp T_0.11;
T_0.11 ;
    %pop/vec4 1;
    %jmp T_0;
    .thread T_0, $push;
    .scope S_000001f221e9cbd0;
T_1 ;
    %vpi_call 2 15 "$dumpfile", "displaytest.vcd" {0 0 0};
    %vpi_call 2 16 "$dumpvars", 32'sb00000000000000000000000000000000, S_000001f221e9cbd0 {0 0 0};
    %vpi_call 2 17 "$monitor", $time, " bcd=%4b and seg=%7b", v000001f221fcbda0_0, v000001f221fcbe40_0 {0 0 0};
    %pushi/vec4 0, 0, 4;
    %store/vec4 v000001f221fcbda0_0, 0, 4;
    %delay 100, 0;
    %pushi/vec4 1, 0, 4;
    %store/vec4 v000001f221fcbda0_0, 0, 4;
    %delay 100, 0;
    %pushi/vec4 2, 0, 4;
    %store/vec4 v000001f221fcbda0_0, 0, 4;
    %delay 100, 0;
    %pushi/vec4 3, 0, 4;
    %store/vec4 v000001f221fcbda0_0, 0, 4;
    %delay 100, 0;
    %pushi/vec4 4, 0, 4;
    %store/vec4 v000001f221fcbda0_0, 0, 4;
    %delay 100, 0;
    %pushi/vec4 5, 0, 4;
    %store/vec4 v000001f221fcbda0_0, 0, 4;
    %delay 100, 0;
    %pushi/vec4 6, 0, 4;
    %store/vec4 v000001f221fcbda0_0, 0, 4;
    %delay 100, 0;
    %pushi/vec4 7, 0, 4;
    %store/vec4 v000001f221fcbda0_0, 0, 4;
    %delay 100, 0;
    %pushi/vec4 8, 0, 4;
    %store/vec4 v000001f221fcbda0_0, 0, 4;
    %delay 100, 0;
    %pushi/vec4 9, 0, 4;
    %store/vec4 v000001f221fcbda0_0, 0, 4;
    %delay 100, 0;
    %pushi/vec4 10, 0, 4;
    %store/vec4 v000001f221fcbda0_0, 0, 4;
    %delay 100, 0;
    %pushi/vec4 11, 0, 4;
    %store/vec4 v000001f221fcbda0_0, 0, 4;
    %delay 100, 0;
    %pushi/vec4 12, 0, 4;
    %store/vec4 v000001f221fcbda0_0, 0, 4;
    %delay 100, 0;
    %pushi/vec4 13, 0, 4;
    %store/vec4 v000001f221fcbda0_0, 0, 4;
    %delay 100, 0;
    %pushi/vec4 14, 0, 4;
    %store/vec4 v000001f221fcbda0_0, 0, 4;
    %delay 100, 0;
    %pushi/vec4 15, 0, 4;
    %store/vec4 v000001f221fcbda0_0, 0, 4;
    %delay 100, 0;
    %vpi_call 2 36 "$finish" {0 0 0};
    %end;
    .thread T_1;
# The file index is used to find the file name in the following table.
:file_names 4;
    "N/A";
    "<interactive>";
    "display7_tb.v";
    "display7.v";
