#! /c/Source/iverilog-install/bin/vvp
:ivl_version "12.0 (devel)" "(s20150603-1539-g2693dd32b)";
:ivl_delay_selection "TYPICAL";
:vpi_time_precision + 0;
:vpi_module "C:\iverilog\lib\ivl\system.vpi";
:vpi_module "C:\iverilog\lib\ivl\vhdl_sys.vpi";
:vpi_module "C:\iverilog\lib\ivl\vhdl_textio.vpi";
:vpi_module "C:\iverilog\lib\ivl\v2005_math.vpi";
:vpi_module "C:\iverilog\lib\ivl\va_math.vpi";
S_0000013a3595bde0 .scope module, "testbench" "testbench" 2 1;
 .timescale 0 0;
v0000013a3595a6b0_0 .var "count", 2 0;
v0000013a35832b30_0 .var "inp", 7 0;
v0000013a35832bd0_0 .net "out", 0 0, v0000013a3595a610_0;  1 drivers
v0000013a35832c70_0 .var "select", 2 0;
S_0000013a3595a8f0 .scope module, "mux_dut" "mux_8_1" 2 6, 3 1 0, S_0000013a3595bde0;
 .timescale 0 0;
    .port_info 0 /INPUT 8 "in";
    .port_info 1 /INPUT 3 "sel";
    .port_info 2 /OUTPUT 1 "y";
v0000013a3595aa80_0 .net "in", 7 0, v0000013a35832b30_0;  1 drivers
v0000013a3595a390_0 .net "sel", 2 0, v0000013a35832c70_0;  1 drivers
v0000013a3595a610_0 .var "y", 0 0;
E_0000013a3595b2e0 .event anyedge, v0000013a3595a390_0, v0000013a3595aa80_0;
    .scope S_0000013a3595a8f0;
T_0 ;
    %wait E_0000013a3595b2e0;
    %load/vec4 v0000013a3595a390_0;
    %dup/vec4;
    %pushi/vec4 0, 0, 3;
    %cmp/u;
    %jmp/1 T_0.0, 6;
    %dup/vec4;
    %pushi/vec4 1, 0, 3;
    %cmp/u;
    %jmp/1 T_0.1, 6;
    %dup/vec4;
    %pushi/vec4 2, 0, 3;
    %cmp/u;
    %jmp/1 T_0.2, 6;
    %dup/vec4;
    %pushi/vec4 3, 0, 3;
    %cmp/u;
    %jmp/1 T_0.3, 6;
    %dup/vec4;
    %pushi/vec4 4, 0, 3;
    %cmp/u;
    %jmp/1 T_0.4, 6;
    %dup/vec4;
    %pushi/vec4 5, 0, 3;
    %cmp/u;
    %jmp/1 T_0.5, 6;
    %dup/vec4;
    %pushi/vec4 6, 0, 3;
    %cmp/u;
    %jmp/1 T_0.6, 6;
    %dup/vec4;
    %pushi/vec4 7, 0, 3;
    %cmp/u;
    %jmp/1 T_0.7, 6;
    %vpi_call 3 15 "$display", "out of range" {0 0 0};
    %jmp T_0.9;
T_0.0 ;
    %load/vec4 v0000013a3595aa80_0;
    %parti/s 1, 0, 2;
    %store/vec4 v0000013a3595a610_0, 0, 1;
    %jmp T_0.9;
T_0.1 ;
    %load/vec4 v0000013a3595aa80_0;
    %parti/s 1, 1, 2;
    %store/vec4 v0000013a3595a610_0, 0, 1;
    %jmp T_0.9;
T_0.2 ;
    %load/vec4 v0000013a3595aa80_0;
    %parti/s 1, 2, 3;
    %store/vec4 v0000013a3595a610_0, 0, 1;
    %jmp T_0.9;
T_0.3 ;
    %load/vec4 v0000013a3595aa80_0;
    %parti/s 1, 3, 3;
    %store/vec4 v0000013a3595a610_0, 0, 1;
    %jmp T_0.9;
T_0.4 ;
    %load/vec4 v0000013a3595aa80_0;
    %parti/s 1, 4, 4;
    %store/vec4 v0000013a3595a610_0, 0, 1;
    %jmp T_0.9;
T_0.5 ;
    %load/vec4 v0000013a3595aa80_0;
    %parti/s 1, 5, 4;
    %store/vec4 v0000013a3595a610_0, 0, 1;
    %jmp T_0.9;
T_0.6 ;
    %load/vec4 v0000013a3595aa80_0;
    %parti/s 1, 6, 4;
    %store/vec4 v0000013a3595a610_0, 0, 1;
    %jmp T_0.9;
T_0.7 ;
    %load/vec4 v0000013a3595aa80_0;
    %parti/s 1, 7, 4;
    %store/vec4 v0000013a3595a610_0, 0, 1;
    %jmp T_0.9;
T_0.9 ;
    %pop/vec4 1;
    %jmp T_0;
    .thread T_0, $push;
    .scope S_0000013a3595bde0;
T_1 ;
    %pushi/vec4 0, 0, 3;
    %store/vec4 v0000013a3595a6b0_0, 0, 3;
    %end;
    .thread T_1;
    .scope S_0000013a3595bde0;
T_2 ;
    %vpi_call 2 8 "$dumpfile", "muxTest.vcd" {0 0 0};
    %vpi_call 2 9 "$dumpvars", 32'sb00000000000000000000000000000000, S_0000013a3595bde0 {0 0 0};
    %vpi_call 2 10 "$monitor", $time, "in=%b, sel=%b, Y=%b", v0000013a35832b30_0, v0000013a35832c70_0, v0000013a35832bd0_0 {0 0 0};
    %pushi/vec4 0, 0, 8;
    %store/vec4 v0000013a35832b30_0, 0, 8;
    %pushi/vec4 0, 0, 3;
    %store/vec4 v0000013a35832c70_0, 0, 3;
    %delay 10, 0;
    %pushi/vec4 0, 0, 3;
    %store/vec4 v0000013a35832c70_0, 0, 3;
    %pushi/vec4 0, 0, 8;
    %store/vec4 v0000013a35832b30_0, 0, 8;
    %delay 10, 0;
    %pushi/vec4 117, 0, 8;
    %store/vec4 v0000013a35832b30_0, 0, 8;
    %delay 5, 0;
    %pushi/vec4 0, 0, 3;
    %store/vec4 v0000013a35832c70_0, 0, 3;
    %delay 5, 0;
    %pushi/vec4 1, 0, 3;
    %store/vec4 v0000013a35832c70_0, 0, 3;
    %delay 5, 0;
    %pushi/vec4 2, 0, 3;
    %store/vec4 v0000013a35832c70_0, 0, 3;
    %delay 5, 0;
    %pushi/vec4 3, 0, 3;
    %store/vec4 v0000013a35832c70_0, 0, 3;
    %delay 5, 0;
    %pushi/vec4 4, 0, 3;
    %store/vec4 v0000013a35832c70_0, 0, 3;
    %delay 5, 0;
    %pushi/vec4 5, 0, 3;
    %store/vec4 v0000013a35832c70_0, 0, 3;
    %delay 5, 0;
    %pushi/vec4 6, 0, 3;
    %store/vec4 v0000013a35832c70_0, 0, 3;
    %delay 5, 0;
    %pushi/vec4 7, 0, 3;
    %store/vec4 v0000013a35832c70_0, 0, 3;
    %delay 30, 0;
    %vpi_call 2 27 "$finish" {0 0 0};
    %end;
    .thread T_2;
# The file index is used to find the file name in the following table.
:file_names 4;
    "N/A";
    "<interactive>";
    "8_1_mux_tb.v";
    "8_1_mux.v";
