#! /c/Source/iverilog-install/bin/vvp
:ivl_version "12.0 (devel)" "(s20150603-1539-g2693dd32b)";
:ivl_delay_selection "TYPICAL";
:vpi_time_precision + 0;
:vpi_module "C:\iverilog\lib\ivl\system.vpi";
:vpi_module "C:\iverilog\lib\ivl\vhdl_sys.vpi";
:vpi_module "C:\iverilog\lib\ivl\vhdl_textio.vpi";
:vpi_module "C:\iverilog\lib\ivl\v2005_math.vpi";
:vpi_module "C:\iverilog\lib\ivl\va_math.vpi";
S_000001d55ac75000 .scope module, "and_tb" "and_tb" 2 1;
 .timescale 0 0;
v000001d55aae8a60_0 .var "a", 0 0;
v000001d55ac75320_0 .var "b", 0 0;
v000001d55ac753c0_0 .net "c", 0 0, L_000001d55aae6eb0;  1 drivers
S_000001d55ac75190 .scope module, "DUT" "simpleand" 2 4, 3 1 0, S_000001d55ac75000;
 .timescale 0 0;
    .port_info 0 /OUTPUT 1 "f";
    .port_info 1 /INPUT 1 "x";
    .port_info 2 /INPUT 1 "y";
L_000001d55aae6eb0 .functor AND 1, v000001d55aae8a60_0, v000001d55ac75320_0, C4<1>, C4<1>;
v000001d55aae7170_0 .net "f", 0 0, L_000001d55aae6eb0;  alias, 1 drivers
v000001d55aae6ab0_0 .net "x", 0 0, v000001d55aae8a60_0;  1 drivers
v000001d55aae89c0_0 .net "y", 0 0, v000001d55ac75320_0;  1 drivers
    .scope S_000001d55ac75000;
T_0 ;
    %vpi_call 2 7 "$dumpfile", "and_tb.vcd" {0 0 0};
    %vpi_call 2 8 "$dumpvars", 32'sb00000000000000000000000000000000, S_000001d55ac75000 {0 0 0};
    %vpi_call 2 9 "$monitor", $time, "A: %b, B: %b, Y:%b", v000001d55aae8a60_0, v000001d55ac75320_0, v000001d55ac753c0_0 {0 0 0};
    %delay 5, 0;
    %pushi/vec4 0, 0, 1;
    %store/vec4 v000001d55aae8a60_0, 0, 1;
    %pushi/vec4 0, 0, 1;
    %store/vec4 v000001d55ac75320_0, 0, 1;
    %delay 5, 0;
    %pushi/vec4 0, 0, 1;
    %store/vec4 v000001d55aae8a60_0, 0, 1;
    %pushi/vec4 1, 0, 1;
    %store/vec4 v000001d55ac75320_0, 0, 1;
    %delay 5, 0;
    %pushi/vec4 1, 0, 1;
    %store/vec4 v000001d55aae8a60_0, 0, 1;
    %pushi/vec4 0, 0, 1;
    %store/vec4 v000001d55ac75320_0, 0, 1;
    %delay 5, 0;
    %pushi/vec4 1, 0, 1;
    %store/vec4 v000001d55aae8a60_0, 0, 1;
    %pushi/vec4 1, 0, 1;
    %store/vec4 v000001d55ac75320_0, 0, 1;
    %delay 5, 0;
    %vpi_call 2 15 "$finish" {0 0 0};
    %end;
    .thread T_0;
# The file index is used to find the file name in the following table.
:file_names 4;
    "N/A";
    "<interactive>";
    "and_tb.v";
    "and.v";
