#! /c/Source/iverilog-install/bin/vvp
:ivl_version "12.0 (devel)" "(s20150603-1539-g2693dd32b)";
:ivl_delay_selection "TYPICAL";
:vpi_time_precision + 0;
:vpi_module "C:\iverilog\lib\ivl\system.vpi";
:vpi_module "C:\iverilog\lib\ivl\vhdl_sys.vpi";
:vpi_module "C:\iverilog\lib\ivl\vhdl_textio.vpi";
:vpi_module "C:\iverilog\lib\ivl\v2005_math.vpi";
:vpi_module "C:\iverilog\lib\ivl\va_math.vpi";
S_0000026f33bbbd90 .scope module, "full_adder_tb" "full_adder_tb" 2 1;
 .timescale 0 0;
v0000026f33c04520_0 .var "a", 0 0;
v0000026f33c05d60_0 .var "b", 0 0;
v0000026f33c05e00_0 .var "cin", 0 0;
v0000026f33c05ea0_0 .net "cout", 0 0, L_0000026f33c4ebb0;  1 drivers
v0000026f33c05f40_0 .net "sum", 0 0, L_0000026f33bb9f00;  1 drivers
S_0000026f33c05bd0 .scope module, "A1" "full_adder" 2 4, 3 1 0, S_0000026f33bbbd90;
 .timescale 0 0;
    .port_info 0 /OUTPUT 1 "sum";
    .port_info 1 /OUTPUT 1 "cout";
    .port_info 2 /INPUT 1 "a";
    .port_info 3 /INPUT 1 "b";
    .port_info 4 /INPUT 1 "cin";
L_0000026f33bba0c0 .functor XOR 1, v0000026f33c04520_0, v0000026f33c05d60_0, C4<0>, C4<0>;
L_0000026f33bb9f00 .functor XOR 1, L_0000026f33bba0c0, v0000026f33c05e00_0, C4<0>, C4<0>;
L_0000026f33bba130 .functor AND 1, L_0000026f33bba0c0, v0000026f33c05e00_0, C4<1>, C4<1>;
L_0000026f33bba050 .functor AND 1, v0000026f33c04520_0, v0000026f33c05d60_0, C4<1>, C4<1>;
v0000026f33bb6d80_0 .net *"_ivl_4", 0 0, L_0000026f33bba130;  1 drivers
v0000026f33bb6b00_0 .net *"_ivl_6", 0 0, L_0000026f33bba050;  1 drivers
v0000026f33bb82a0_0 .net "a", 0 0, v0000026f33c04520_0;  1 drivers
v0000026f33bb8130_0 .net "b", 0 0, v0000026f33c05d60_0;  1 drivers
v0000026f33bba6d0_0 .net "cin", 0 0, v0000026f33c05e00_0;  1 drivers
v0000026f33bba770_0 .net "cout", 0 0, L_0000026f33c4ebb0;  alias, 1 drivers
v0000026f33c043e0_0 .net "sum", 0 0, L_0000026f33bb9f00;  alias, 1 drivers
v0000026f33c04480_0 .net "temp_sum", 0 0, L_0000026f33bba0c0;  1 drivers
L_0000026f33c4ebb0 .arith/sum 1, L_0000026f33bba130, L_0000026f33bba050;
    .scope S_0000026f33bbbd90;
T_0 ;
    %vpi_call 2 6 "$dumpfile", "sample.vcd" {0 0 0};
    %vpi_call 2 7 "$dumpvars", 32'sb00000000000000000000000000000000, S_0000026f33bbbd90 {0 0 0};
    %vpi_call 2 8 "$monitor", $time, " a: %b, b: %b, cin: %b, sum: %b, cout: %b", v0000026f33c04520_0, v0000026f33c05d60_0, v0000026f33c05e00_0, v0000026f33c05f40_0, v0000026f33c05ea0_0 {0 0 0};
    %delay 2, 0;
    %pushi/vec4 0, 0, 1;
    %store/vec4 v0000026f33c04520_0, 0, 1;
    %pushi/vec4 0, 0, 1;
    %store/vec4 v0000026f33c05d60_0, 0, 1;
    %pushi/vec4 0, 0, 1;
    %store/vec4 v0000026f33c05e00_0, 0, 1;
    %delay 5, 0;
    %pushi/vec4 0, 0, 1;
    %store/vec4 v0000026f33c04520_0, 0, 1;
    %pushi/vec4 0, 0, 1;
    %store/vec4 v0000026f33c05d60_0, 0, 1;
    %pushi/vec4 1, 0, 1;
    %store/vec4 v0000026f33c05e00_0, 0, 1;
    %delay 5, 0;
    %pushi/vec4 0, 0, 1;
    %store/vec4 v0000026f33c04520_0, 0, 1;
    %pushi/vec4 1, 0, 1;
    %store/vec4 v0000026f33c05d60_0, 0, 1;
    %pushi/vec4 0, 0, 1;
    %store/vec4 v0000026f33c05e00_0, 0, 1;
    %delay 5, 0;
    %pushi/vec4 0, 0, 1;
    %store/vec4 v0000026f33c04520_0, 0, 1;
    %pushi/vec4 1, 0, 1;
    %store/vec4 v0000026f33c05d60_0, 0, 1;
    %pushi/vec4 1, 0, 1;
    %store/vec4 v0000026f33c05e00_0, 0, 1;
    %delay 5, 0;
    %pushi/vec4 1, 0, 1;
    %store/vec4 v0000026f33c04520_0, 0, 1;
    %pushi/vec4 0, 0, 1;
    %store/vec4 v0000026f33c05d60_0, 0, 1;
    %pushi/vec4 0, 0, 1;
    %store/vec4 v0000026f33c05e00_0, 0, 1;
    %delay 5, 0;
    %pushi/vec4 1, 0, 1;
    %store/vec4 v0000026f33c04520_0, 0, 1;
    %pushi/vec4 0, 0, 1;
    %store/vec4 v0000026f33c05d60_0, 0, 1;
    %pushi/vec4 1, 0, 1;
    %store/vec4 v0000026f33c05e00_0, 0, 1;
    %delay 5, 0;
    %pushi/vec4 1, 0, 1;
    %store/vec4 v0000026f33c04520_0, 0, 1;
    %pushi/vec4 1, 0, 1;
    %store/vec4 v0000026f33c05d60_0, 0, 1;
    %pushi/vec4 0, 0, 1;
    %store/vec4 v0000026f33c05e00_0, 0, 1;
    %delay 5, 0;
    %pushi/vec4 1, 0, 1;
    %store/vec4 v0000026f33c04520_0, 0, 1;
    %pushi/vec4 1, 0, 1;
    %store/vec4 v0000026f33c05d60_0, 0, 1;
    %pushi/vec4 1, 0, 1;
    %store/vec4 v0000026f33c05e00_0, 0, 1;
    %delay 5, 0;
    %vpi_call 2 17 "$finish" {0 0 0};
    %end;
    .thread T_0;
# The file index is used to find the file name in the following table.
:file_names 4;
    "N/A";
    "<interactive>";
    "full_adder_tb.v";
    "full_adder.v";
