#! /c/Source/iverilog-install/bin/vvp
:ivl_version "12.0 (devel)" "(s20150603-1539-g2693dd32b)";
:ivl_delay_selection "TYPICAL";
:vpi_time_precision + 0;
:vpi_module "C:\iverilog\lib\ivl\system.vpi";
:vpi_module "C:\iverilog\lib\ivl\vhdl_sys.vpi";
:vpi_module "C:\iverilog\lib\ivl\vhdl_textio.vpi";
:vpi_module "C:\iverilog\lib\ivl\v2005_math.vpi";
:vpi_module "C:\iverilog\lib\ivl\va_math.vpi";
S_00000250600ab800 .scope module, "testbench" "testbench" 2 1;
 .timescale 0 0;
v00000250600f3b10_0 .var "clk", 0 0;
v00000250600f3bb0_0 .net "q", 0 0, v00000250600c2c30_0;  1 drivers
v00000250600f3c50_0 .net "qbar", 0 0, v00000250600ae470_0;  1 drivers
v00000250600f3cf0_0 .var "r", 0 0;
v00000250600f3d90_0 .var "rst", 0 0;
v00000250600f3e30_0 .var "s", 0 0;
S_00000250600ae240 .scope module, "sr_dut" "srFF" 2 7, 3 1 0, S_00000250600ab800;
 .timescale 0 0;
    .port_info 0 /INPUT 1 "s";
    .port_info 1 /INPUT 1 "r";
    .port_info 2 /OUTPUT 1 "q";
    .port_info 3 /INPUT 1 "rst";
    .port_info 4 /OUTPUT 1 "qbar";
    .port_info 5 /INPUT 1 "clk";
v00000250600ae3d0_0 .net "clk", 0 0, v00000250600f3b10_0;  1 drivers
v00000250600c2c30_0 .var "q", 0 0;
v00000250600ae470_0 .var "qbar", 0 0;
v00000250600ae510_0 .net "r", 0 0, v00000250600f3cf0_0;  1 drivers
v00000250600ae5b0_0 .net "rst", 0 0, v00000250600f3d90_0;  1 drivers
v00000250600f3a70_0 .net "s", 0 0, v00000250600f3e30_0;  1 drivers
E_00000250600a99a0 .event posedge, v00000250600ae5b0_0, v00000250600ae3d0_0;
    .scope S_00000250600ae240;
T_0 ;
    %wait E_00000250600a99a0;
    %load/vec4 v00000250600ae5b0_0;
    %flag_set/vec4 8;
    %jmp/0xz  T_0.0, 8;
    %pushi/vec4 0, 0, 1;
    %assign/vec4 v00000250600c2c30_0, 0;
    %pushi/vec4 1, 0, 1;
    %assign/vec4 v00000250600ae470_0, 0;
    %jmp T_0.1;
T_0.0 ;
    %load/vec4 v00000250600f3a70_0;
    %load/vec4 v00000250600ae510_0;
    %concat/vec4; draw_concat_vec4
    %dup/vec4;
    %pushi/vec4 0, 0, 2;
    %cmp/u;
    %jmp/1 T_0.2, 6;
    %dup/vec4;
    %pushi/vec4 1, 0, 2;
    %cmp/u;
    %jmp/1 T_0.3, 6;
    %dup/vec4;
    %pushi/vec4 2, 0, 2;
    %cmp/u;
    %jmp/1 T_0.4, 6;
    %dup/vec4;
    %pushi/vec4 3, 0, 2;
    %cmp/u;
    %jmp/1 T_0.5, 6;
    %jmp T_0.6;
T_0.2 ;
    %load/vec4 v00000250600c2c30_0;
    %assign/vec4 v00000250600c2c30_0, 0;
    %load/vec4 v00000250600ae470_0;
    %assign/vec4 v00000250600ae470_0, 0;
    %jmp T_0.6;
T_0.3 ;
    %pushi/vec4 0, 0, 1;
    %assign/vec4 v00000250600c2c30_0, 0;
    %pushi/vec4 1, 0, 1;
    %assign/vec4 v00000250600ae470_0, 0;
    %jmp T_0.6;
T_0.4 ;
    %pushi/vec4 1, 0, 1;
    %assign/vec4 v00000250600c2c30_0, 0;
    %pushi/vec4 0, 0, 1;
    %assign/vec4 v00000250600ae470_0, 0;
    %jmp T_0.6;
T_0.5 ;
    %pushi/vec4 1, 1, 1;
    %assign/vec4 v00000250600c2c30_0, 0;
    %pushi/vec4 1, 1, 1;
    %assign/vec4 v00000250600ae470_0, 0;
    %jmp T_0.6;
T_0.6 ;
    %pop/vec4 1;
T_0.1 ;
    %jmp T_0;
    .thread T_0;
    .scope S_00000250600ab800;
T_1 ;
    %vpi_call 2 9 "$dumpfile", "srFFTest.vcd" {0 0 0};
    %vpi_call 2 10 "$dumpvars", 32'sb00000000000000000000000000000000, S_00000250600ab800 {0 0 0};
    %vpi_call 2 11 "$monitor", " clk=  ", v00000250600f3b10_0, " s= ", v00000250600f3e30_0, " r= ", v00000250600f3cf0_0, " q= ", v00000250600f3bb0_0, " qbar= ", v00000250600f3c50_0, " rst= ", v00000250600f3d90_0 {0 0 0};
    %vpi_call 2 12 "$dumpfile", "srFFTest.vcd" {0 0 0};
    %vpi_call 2 13 "$dumpvars", 32'sb00000000000000000000000000000000, S_00000250600ab800 {0 0 0};
    %pushi/vec4 0, 0, 1;
    %store/vec4 v00000250600f3e30_0, 0, 1;
    %pushi/vec4 0, 0, 1;
    %store/vec4 v00000250600f3cf0_0, 0, 1;
    %pushi/vec4 1, 0, 1;
    %store/vec4 v00000250600f3d90_0, 0, 1;
    %pushi/vec4 1, 0, 1;
    %store/vec4 v00000250600f3b10_0, 0, 1;
    %delay 10, 0;
    %pushi/vec4 0, 0, 1;
    %store/vec4 v00000250600f3d90_0, 0, 1;
    %pushi/vec4 1, 0, 1;
    %store/vec4 v00000250600f3e30_0, 0, 1;
    %pushi/vec4 0, 0, 1;
    %store/vec4 v00000250600f3cf0_0, 0, 1;
    %delay 10, 0;
    %pushi/vec4 0, 0, 1;
    %store/vec4 v00000250600f3d90_0, 0, 1;
    %pushi/vec4 0, 0, 1;
    %store/vec4 v00000250600f3e30_0, 0, 1;
    %pushi/vec4 1, 0, 1;
    %store/vec4 v00000250600f3cf0_0, 0, 1;
    %delay 10, 0;
    %pushi/vec4 0, 0, 1;
    %store/vec4 v00000250600f3d90_0, 0, 1;
    %pushi/vec4 1, 0, 1;
    %store/vec4 v00000250600f3e30_0, 0, 1;
    %pushi/vec4 1, 0, 1;
    %store/vec4 v00000250600f3cf0_0, 0, 1;
    %delay 10, 0;
    %pushi/vec4 0, 0, 1;
    %store/vec4 v00000250600f3d90_0, 0, 1;
    %pushi/vec4 0, 0, 1;
    %store/vec4 v00000250600f3e30_0, 0, 1;
    %pushi/vec4 0, 0, 1;
    %store/vec4 v00000250600f3cf0_0, 0, 1;
    %delay 10, 0;
    %pushi/vec4 1, 0, 1;
    %store/vec4 v00000250600f3d90_0, 0, 1;
    %pushi/vec4 1, 0, 1;
    %store/vec4 v00000250600f3e30_0, 0, 1;
    %pushi/vec4 0, 0, 1;
    %store/vec4 v00000250600f3cf0_0, 0, 1;
    %delay 10, 0;
    %vpi_call 2 39 "$finish" {0 0 0};
    %end;
    .thread T_1;
    .scope S_00000250600ab800;
T_2 ;
    %delay 8, 0;
    %load/vec4 v00000250600f3b10_0;
    %inv;
    %store/vec4 v00000250600f3b10_0, 0, 1;
    %jmp T_2;
    .thread T_2;
# The file index is used to find the file name in the following table.
:file_names 4;
    "N/A";
    "<interactive>";
    "srff_tb.v";
    "srff.v";
